<?xml version="1.0" encoding="UTF-8"?>
<testsuite xmlns:xsi="http://www.w3.org/2001/XMLSchema-instance" xsi:noNamespaceSchemaLocation="https://maven.apache.org/surefire/maven-surefire-plugin/xsd/surefire-test-report.xsd" version="3.0.2" name="org.example.UserServiceTest" time="0.267" tests="19" errors="0" skipped="0" failures="0">
  <properties>
[...]
</properties>
  <testcase name="deveLancarExceptionQuandoTelefoneDoUsuarioForVazio" classname="org.example.UserServiceTest" time="0.087"/>
  <testcase name="deveLancarExceptionQuandoTipoCadastroForVazio" classname="org.example.UserServiceTest" time="0.002"/>
  <testcase name="deveLancarExceptionQuandoCpfForDuplicado" classname="org.example.UserServiceTest" time="0.089"/>
  <testcase name="deveLancarExceptionQuandoEnderecoDoUsuarioForVazio" classname="org.example.UserServiceTest" time="0.002"/>
  <testcase name="deveLancarExceptionQuandoCpfDoUsuarioForVazio" classname="org.example.UserServiceTest" time="0.002"/>
  <testcase name="deveLancarExceptionQuandoSenhaDoUsuarioForVazia" classname="org.example.UserServiceTest" time="0.002"/>
  <testcase name="deveCadastrarPacienteComSucesso_quandoDadosForemValidos" classname="org.example.UserServiceTest" time="0.009"/>
  <testcase name="deveLancarExceptionQuandoEmailForDuplicado" classname="org.example.UserServiceTest" time="0.002"/>
  <testcase name="deveLancarExceptionQuandoNomeDoUsuarioForVazio" classname="org.example.UserServiceTest" time="0.001"/>
  <testcase name="deveLancarExceptionQuandoDataNascimentoDoUsuarioForVazia" classname="org.example.UserServiceTest" time="0.001"/>
  <testcase name="deveLancarExceptionQuandoSenhaDoUsuarioForInvalida" classname="org.example.UserServiceTest" time="0.003"/>
  <testcase name="deveLancarExceptionQuandoRgDoUsuarioForVazio" classname="org.example.UserServiceTest" time="0.001"/>
  <testcase name="deveLancarExceptionQuandoFotoDocumentoNaoForNitida" classname="org.example.UserServiceTest" time="0.002"/>
  <testcase name="deveLancarExceptionQuandoEmailDoUsuarioForVazio" classname="org.example.UserServiceTest" time="0.002"/>
  <testcase name="deveCadastrarMedicoComSucesso_quandoCrmForValido" classname="org.example.UserServiceTest" time="0.001"/>
  <testcase name="deveLancarExceptionQuandoGeneroDoUsuarioForVazio" classname="org.example.UserServiceTest" time="0.003"/>
  <testcase name="deveLancarExceptionQuandoCrmDoUsuarioForVazio_quandoTipoForMedico" classname="org.example.UserServiceTest" time="0.002"/>
  <testcase name="deveLancarExceptionQuandoFotoDocumentoForVazia" classname="org.example.UserServiceTest" time="0.001"/>
  <testcase name="deveLancarExceptionQuandoCpfForInvalido" classname="org.example.UserServiceTest" time="0.002"/>
</testsuite>